2020-06-24 05:42:30,935 [Worker-5] INFO  c.g.t.t.d.PublishedGradleVersions - Gradle version information cache is out-of-date. Trying to update.
2020-06-24 05:52:27,154 [Worker-5] INFO  c.g.t.t.d.PublishedGradleVersions - Gradle version information cache is up-to-date. Trying to read.
2020-06-24 05:55:39,854 [Worker-4] INFO  c.g.t.t.d.PublishedGradleVersions - Gradle version information cache is up-to-date. Trying to read.
2020-06-24 08:36:09,847 [Worker-44] WARN  o.e.r.models.ModelRepository - Failed to download org.eclipse.recommenders:index::zip:0.0.0
org.eclipse.aether.resolution.ArtifactResolutionException: Could not find artifact org.eclipse.recommenders:index:zip:0.0.0-SNAPSHOT in models (http://download.eclipse.org/recommenders/models/oxygen/)
	at org.eclipse.aether.internal.impl.DefaultArtifactResolver.resolve(DefaultArtifactResolver.java:453) ~[na:na]
	at org.eclipse.aether.internal.impl.DefaultArtifactResolver.resolveArtifacts(DefaultArtifactResolver.java:255) ~[na:na]
	at org.eclipse.aether.internal.impl.DefaultArtifactResolver.resolveArtifact(DefaultArtifactResolver.java:232) ~[na:na]
	at org.eclipse.aether.internal.impl.DefaultRepositorySystem.resolveArtifact(DefaultRepositorySystem.java:303) ~[na:na]
	at org.eclipse.recommenders.models.ModelRepository.resolveInternal(ModelRepository.java:193) [org.eclipse.recommenders.models_2.5.2.v20180401-1226.jar:na]
	at org.eclipse.recommenders.models.ModelRepository.resolve(ModelRepository.java:172) [org.eclipse.recommenders.models_2.5.2.v20180401-1226.jar:na]
	at org.eclipse.recommenders.internal.models.rcp.EclipseModelRepository.resolve(EclipseModelRepository.java:168) [org.eclipse.recommenders.models.rcp_2.5.2.v20180401-1226.jar:na]
	at org.eclipse.recommenders.internal.models.rcp.DownloadModelArchiveJob.run(DownloadModelArchiveJob.java:76) [org.eclipse.recommenders.models.rcp_2.5.2.v20180401-1226.jar:na]
	at org.eclipse.core.internal.jobs.Worker.run(Worker.java:56) [org.eclipse.core.jobs_3.9.3.v20180115-1757.jar:na]
Caused by: org.eclipse.aether.transfer.ArtifactNotFoundException: Could not find artifact org.eclipse.recommenders:index:zip:0.0.0-SNAPSHOT in models (http://download.eclipse.org/recommenders/models/oxygen/)
	at org.eclipse.aether.connector.basic.ArtifactTransportListener.transferFailed(ArtifactTransportListener.java:48) ~[org.apache.maven.resolver.connector.basic_1.0.3.v20170405-0725.jar:1.0.3]
	at org.eclipse.aether.connector.basic.BasicRepositoryConnector$TaskRunner.run(BasicRepositoryConnector.java:364) ~[org.apache.maven.resolver.connector.basic_1.0.3.v20170405-0725.jar:1.0.3]
	at org.eclipse.aether.util.concurrency.RunnableErrorForwarder$1.run(RunnableErrorForwarder.java:76) ~[na:na]
	at org.eclipse.aether.connector.basic.BasicRepositoryConnector$DirectExecutor.execute(BasicRepositoryConnector.java:590) ~[org.apache.maven.resolver.connector.basic_1.0.3.v20170405-0725.jar:1.0.3]
	at org.eclipse.aether.connector.basic.BasicRepositoryConnector.get(BasicRepositoryConnector.java:258) ~[org.apache.maven.resolver.connector.basic_1.0.3.v20170405-0725.jar:1.0.3]
	at org.eclipse.aether.internal.impl.DefaultArtifactResolver.performDownloads(DefaultArtifactResolver.java:529) ~[na:na]
	at org.eclipse.aether.internal.impl.DefaultArtifactResolver.resolve(DefaultArtifactResolver.java:430) ~[na:na]
	... 8 common frames omitted
2020-06-24 09:12:25,034 [Worker-5] INFO  c.g.t.t.d.PublishedGradleVersions - Gradle version information cache is up-to-date. Trying to read.
2020-06-24 09:57:03,848 [main] WARN  org.eclipse.jgit.util.FS_Win32 - Exception caught during execution of command '[bash, --login, -c, which git]' in 'C:\Users\tang_', return code '1', error message 'which: no git in (/usr/local/bin:/usr/bin:/cygdrive/c/Program Files/Java/jre1.8.0_171/bin/server:/cygdrive/c/Program Files/Java/jre1.8.0_171/bin:/cygdrive/c/Program Files/Java/jre1.8.0_171/lib/amd64:/cygdrive/c/Program Files (x86)/Common Files/Oracle/Java/javapath:/cygdrive/c/ProgramData/Oracle/Java/javapath:/cygdrive/c/Program Files (x86)/Intel/iCLS Client:/cygdrive/c/Program Files/Intel/iCLS Client:/cygdrive/c/WINDOWS/system32:/cygdrive/c/WINDOWS:/cygdrive/c/WINDOWS/System32/Wbem:/cygdrive/c/WINDOWS/System32/WindowsPowerShell/v1.0:/cygdrive/c/Program Files (x86)/Intel/Intel(R) Management Engine Components/DAL:/cygdrive/c/Program Files/Intel/Intel(R) Management Engine Components/DAL:/cygdrive/c/Program Files (x86)/Intel/Intel(R) Management Engine Components/IPT:/cygdrive/c/Program Files/Intel/Intel(R) Management Engine Components/IPT:/cygdrive/d/python:/usr/bin:/cygdrive/c/Program Files (x86)/HP/IdrsOCR_15.2.10.1114:/cygdrive/c/WINDOWS/System32/OpenSSH:/cygdrive/c/Program Files (x86)/QuickTime/QTSystem:/cygdrive/c/Users/tang_/AppData/Local/Microsoft/WindowsApps:/cygdrive/c/Users/tang_/AppData/Local/GitHubDesktop/bin:%USERPROFILE%/AppData/Local/Microsoft/WindowsApps:/cygdrive/c/Users/tang_/Downloads)
'
2020-06-24 09:57:17,800 [Worker-1: Loading available Gradle versions] INFO  o.e.b.c.i.u.g.PublishedGradleVersions - Gradle version information cache is up-to-date. Trying to read.
2020-06-27 19:44:01,129 [main] WARN  org.eclipse.jgit.util.FS_Win32 - Exception caught during execution of command '[bash, --login, -c, which git]' in 'C:\Users\tang_', return code '1', error message 'which: no git in (/usr/local/bin:/usr/bin:/cygdrive/c/Program Files/Java/jre1.8.0_171/bin/server:/cygdrive/c/Program Files/Java/jre1.8.0_171/bin:/cygdrive/c/Program Files/Java/jre1.8.0_171/lib/amd64:/cygdrive/d/oracle/product/12.1.0/client_1/bin:/cygdrive/d/oracle/product/12.1.0/client_1:/cygdrive/c/Program Files (x86)/NetSarang/Xftp 6:/cygdrive/c/Program Files (x86)/NetSarang/Xshell 6:/cygdrive/c/Program Files (x86)/Common Files/Oracle/Java/javapath:/cygdrive/c/ProgramData/Oracle/Java/javapath:/cygdrive/c/Program Files (x86)/Intel/iCLS Client:/cygdrive/c/Program Files/Intel/iCLS Client:/cygdrive/c/WINDOWS/system32:/cygdrive/c/WINDOWS:/cygdrive/c/WINDOWS/System32/Wbem:/cygdrive/c/WINDOWS/System32/WindowsPowerShell/v1.0:/cygdrive/c/Program Files (x86)/Intel/Intel(R) Management Engine Components/DAL:/cygdrive/c/Program Files/Intel/Intel(R) Management Engine Components/DAL:/cygdrive/c/Program Files (x86)/Intel/Intel(R) Management Engine Components/IPT:/cygdrive/c/Program Files/Intel/Intel(R) Management Engine Components/IPT:/cygdrive/d/python:/usr/bin:/cygdrive/c/Program Files (x86)/HP/IdrsOCR_15.2.10.1114:/cygdrive/c/WINDOWS/System32/OpenSSH:/cygdrive/c/Program Files (x86)/QuickTime/QTSystem:/cygdrive/c/Users/tang_/AppData/Local/Microsoft/WindowsApps:/cygdrive/c/Users/tang_/AppData/Local/GitHubDesktop/bin:%USERPROFILE%/AppData/Local/Microsoft/WindowsApps:/cygdrive/c/WINDOWS/System32)
'
2020-06-27 19:44:09,250 [Worker-2: Loading available Gradle versions] INFO  o.e.b.c.i.u.g.PublishedGradleVersions - Gradle version information cache is out-of-date. Trying to update.
2020-06-27 19:44:09,775 [Worker-2: Loading available Gradle versions] INFO  o.e.b.c.i.u.g.PublishedGradleVersions - Updating Gradle version information cache failed. Using outdated cache.
2020-06-27 19:46:15,288 [main] WARN  org.eclipse.jgit.util.FS_Win32 - Exception caught during execution of command '[bash, --login, -c, which git]' in 'C:\Users\tang_', return code '1', error message 'which: no git in (/usr/local/bin:/usr/bin:/cygdrive/c/Program Files/Java/jre1.8.0_171/bin/server:/cygdrive/c/Program Files/Java/jre1.8.0_171/bin:/cygdrive/c/Program Files/Java/jre1.8.0_171/lib/amd64:/cygdrive/d/oracle/product/12.1.0/client_1/bin:/cygdrive/d/oracle/product/12.1.0/client_1:/cygdrive/c/Program Files (x86)/NetSarang/Xftp 6:/cygdrive/c/Program Files (x86)/NetSarang/Xshell 6:/cygdrive/c/Program Files (x86)/Common Files/Oracle/Java/javapath:/cygdrive/c/ProgramData/Oracle/Java/javapath:/cygdrive/c/Program Files (x86)/Intel/iCLS Client:/cygdrive/c/Program Files/Intel/iCLS Client:/cygdrive/c/WINDOWS/system32:/cygdrive/c/WINDOWS:/cygdrive/c/WINDOWS/System32/Wbem:/cygdrive/c/WINDOWS/System32/WindowsPowerShell/v1.0:/cygdrive/c/Program Files (x86)/Intel/Intel(R) Management Engine Components/DAL:/cygdrive/c/Program Files/Intel/Intel(R) Management Engine Components/DAL:/cygdrive/c/Program Files (x86)/Intel/Intel(R) Management Engine Components/IPT:/cygdrive/c/Program Files/Intel/Intel(R) Management Engine Components/IPT:/cygdrive/d/python:/usr/bin:/cygdrive/c/Program Files (x86)/HP/IdrsOCR_15.2.10.1114:/cygdrive/c/WINDOWS/System32/OpenSSH:/cygdrive/c/Program Files (x86)/QuickTime/QTSystem:/cygdrive/c/Users/tang_/AppData/Local/Microsoft/WindowsApps:/cygdrive/c/Users/tang_/AppData/Local/GitHubDesktop/bin:%USERPROFILE%/AppData/Local/Microsoft/WindowsApps:/cygdrive/c/WINDOWS/System32)
'
2020-06-27 19:46:23,017 [Worker-5: Loading available Gradle versions] INFO  o.e.b.c.i.u.g.PublishedGradleVersions - Gradle version information cache is out-of-date. Trying to update.
2020-06-27 19:48:15,287 [main] WARN  org.eclipse.jgit.util.FS_Win32 - Exception caught during execution of command '[bash, --login, -c, which git]' in 'C:\Users\tang_', return code '1', error message 'which: no git in (/usr/local/bin:/usr/bin:/cygdrive/c/Program Files/Java/jre1.8.0_171/bin/server:/cygdrive/c/Program Files/Java/jre1.8.0_171/bin:/cygdrive/c/Program Files/Java/jre1.8.0_171/lib/amd64:/cygdrive/d/oracle/product/12.1.0/client_1/bin:/cygdrive/d/oracle/product/12.1.0/client_1:/cygdrive/c/Program Files (x86)/NetSarang/Xftp 6:/cygdrive/c/Program Files (x86)/NetSarang/Xshell 6:/cygdrive/c/Program Files (x86)/Common Files/Oracle/Java/javapath:/cygdrive/c/ProgramData/Oracle/Java/javapath:/cygdrive/c/Program Files (x86)/Intel/iCLS Client:/cygdrive/c/Program Files/Intel/iCLS Client:/cygdrive/c/WINDOWS/system32:/cygdrive/c/WINDOWS:/cygdrive/c/WINDOWS/System32/Wbem:/cygdrive/c/WINDOWS/System32/WindowsPowerShell/v1.0:/cygdrive/c/Program Files (x86)/Intel/Intel(R) Management Engine Components/DAL:/cygdrive/c/Program Files/Intel/Intel(R) Management Engine Components/DAL:/cygdrive/c/Program Files (x86)/Intel/Intel(R) Management Engine Components/IPT:/cygdrive/c/Program Files/Intel/Intel(R) Management Engine Components/IPT:/cygdrive/d/python:/usr/bin:/cygdrive/c/Program Files (x86)/HP/IdrsOCR_15.2.10.1114:/cygdrive/c/WINDOWS/System32/OpenSSH:/cygdrive/c/Program Files (x86)/QuickTime/QTSystem:/cygdrive/c/Users/tang_/AppData/Local/Microsoft/WindowsApps:/cygdrive/c/Users/tang_/AppData/Local/GitHubDesktop/bin:%USERPROFILE%/AppData/Local/Microsoft/WindowsApps:/cygdrive/c/WINDOWS/System32)
'
2020-06-27 19:48:23,297 [Worker-2: Loading available Gradle versions] INFO  o.e.b.c.i.u.g.PublishedGradleVersions - Gradle version information cache is up-to-date. Trying to read.
